CPPGUIAndroidApplication/Builds/Android/app/build/outputs/logs/manifest-merger-debug_-debug-report.txt
-- Merging decision tree log ---
manifest
ADDED from src\main\AndroidManifest.xml:3:1-22:12
INJECTED from src\main\AndroidManifest.xml:3:1-22:12
INJECTED from src\main\AndroidManifest.xml:3:1-22:12
INJECTED from src\main\AndroidManifest.xml:3:1-22:12
INJECTED from src\main\AndroidManifest.xml:3:1-22:12
INJECTED from src\main\AndroidManifest.xml:3:1-22:12
INJECTED from src\main\AndroidManifest.xml:3:1-22:12
	package
		ADDED from src\main\AndroidManifest.xml:4:11-61
		INJECTED from src\main\AndroidManifest.xml
		INJECTED from src\main\AndroidManifest.xml
	android:versionName
		ADDED from src\main\AndroidManifest.xml:3:94-121
		INJECTED from src\main\AndroidManifest.xml
		INJECTED from src\main\AndroidManifest.xml
	xmlns:android
		ADDED from src\main\AndroidManifest.xml:3:11-69
	android:versionCode
		ADDED from src\main\AndroidManifest.xml:3:70-93
		INJECTED from src\main\AndroidManifest.xml
		INJECTED from src\main\AndroidManifest.xml
supports-screens
ADDED from src\main\AndroidManifest.xml:5:3-133
	android:largeScreens
		ADDED from src\main\AndroidManifest.xml:5:78-105
	android:smallScreens
		ADDED from src\main\AndroidManifest.xml:5:21-48
	android:normalScreens
		ADDED from src\main\AndroidManifest.xml:5:49-77
	android:anyDensity
		ADDED from src\main\AndroidManifest.xml:5:106-131
uses-permission#android.permission.WRITE_EXTERNAL_STORAGE
ADDED from src\main\AndroidManifest.xml:6:3-78
	android:name
		ADDED from src\main\AndroidManifest.xml:6:20-76
uses-permission#android.permission.READ_EXTERNAL_STORAGE
ADDED from src\main\AndroidManifest.xml:7:3-77
	android:name
		ADDED from src\main\AndroidManifest.xml:7:20-75
uses-permission#android.permission.ACCESS_COARSE_LOCATION
ADDED from src\main\AndroidManifest.xml:8:3-78
	android:name
		ADDED from src\main\AndroidManifest.xml:8:20-76
uses-permission#android.permission.BLUETOOTH_ADMIN
ADDED from src\main\AndroidManifest.xml:9:3-71
	android:name
		ADDED from src\main\AndroidManifest.xml:9:20-69
uses-permission#android.permission.BLUETOOTH
ADDED from src\main\AndroidManifest.xml:10:3-65
	android:name
		ADDED from src\main\AndroidManifest.xml:10:20-63
uses-permission#android.permission.INTERNET
ADDED from src\main\AndroidManifest.xml:11:3-64
	android:name
		ADDED from src\main\AndroidManifest.xml:11:20-62
uses-feature#0x00030000
ADDED from src\main\AndroidManifest.xml:12:3-75
	android:glEsVersion
		ADDED from src\main\AndroidManifest.xml:12:17-49
	android:required
		ADDED from src\main\AndroidManifest.xml:12:50-73
application
ADDED from src\main\AndroidManifest.xml:13:3-21:17
	android:label
		ADDED from src\main\AndroidManifest.xml:13:16-48
	android:hardwareAccelerated
		ADDED from src\main\AndroidManifest.xml:13:86-121
	android:name
		ADDED from src\main\AndroidManifest.xml:13:49-85
activity#android.app.Activity
ADDED from src\main\AndroidManifest.xml:14:5-20:16
	android:screenOrientation
		ADDED from src\main\AndroidManifest.xml:15:15-54
	android:label
		ADDED from src\main\AndroidManifest.xml:14:51-83
	android:launchMode
		ADDED from src\main\AndroidManifest.xml:15:55-86
	android:hardwareAccelerated
		ADDED from src\main\AndroidManifest.xml:15:87-121
	android:configChanges
		ADDED from src\main\AndroidManifest.xml:14:84-145
	android:name
		ADDED from src\main\AndroidManifest.xml:14:15-50
intent-filter#action:name:android.intent.action.MAIN+category:name:android.intent.category.LAUNCHER
ADDED from src\main\AndroidManifest.xml:16:7-19:23
action#android.intent.action.MAIN
ADDED from src\main\AndroidManifest.xml:17:9-60
	android:name
		ADDED from src\main\AndroidManifest.xml:17:17-58
category#android.intent.category.LAUNCHER
ADDED from src\main\AndroidManifest.xml:18:9-68
	android:name
		ADDED from src\main\AndroidManifest.xml:18:19-66
uses-sdk
INJECTED from src\main\AndroidManifest.xml reason: use-sdk injection requested
INJECTED from src\main\AndroidManifest.xml
INJECTED from src\main\AndroidManifest.xml
INJECTED from src\main\AndroidManifest.xml
INJECTED from src\main\AndroidManifest.xml
	android:targetSdkVersion
		INJECTED from src\main\AndroidManifest.xml
		ADDED from src\main\AndroidManifest.xml
		INJECTED from src\main\AndroidManifest.xml
	android:minSdkVersion
		INJECTED from src\main\AndroidManifest.xml
		ADDED from src\main\AndroidManifest.xml
		INJECTED from src\main\AndroidManifest.xml